<?xml version="1.0" encoding="UTF-8"?>
<testsuite name="com.whatsapptracker.pc.db.UsageEventRepositoryTest" tests="10" skipped="0" failures="0" errors="0" timestamp="2026-03-08T16:45:31.045Z" hostname="ANTHONY--THESTA" time="0.507">
  <properties/>
  <testcase name="getAllEvents returns inserted events in descending order" classname="com.whatsapptracker.pc.db.UsageEventRepositoryTest" time="0.45"/>
  <testcase name="insertEvent returns valid id" classname="com.whatsapptracker.pc.db.UsageEventRepositoryTest" time="0.001"/>
  <testcase name="getTodayTotalSeconds sums only today's events" classname="com.whatsapptracker.pc.db.UsageEventRepositoryTest" time="0.012"/>
  <testcase name="getTodaySessionCount counts only today" classname="com.whatsapptracker.pc.db.UsageEventRepositoryTest" time="0.003"/>
  <testcase name="getTodayTotalSeconds returns 0 when no events exist" classname="com.whatsapptracker.pc.db.UsageEventRepositoryTest" time="0.002"/>
  <testcase name="getWeeklyTotals returns 7 days with correct sums" classname="com.whatsapptracker.pc.db.UsageEventRepositoryTest" time="0.003"/>
  <testcase name="inserting a 0-second event still works" classname="com.whatsapptracker.pc.db.UsageEventRepositoryTest" time="0.002"/>
  <testcase name="getWeeklyTotals excludes events older than 7 days" classname="com.whatsapptracker.pc.db.UsageEventRepositoryTest" time="0.005"/>
  <testcase name="rapid successive inserts all persist" classname="com.whatsapptracker.pc.db.UsageEventRepositoryTest" time="0.014"/>
  <testcase name="getTodaySessions returns only today's events" classname="com.whatsapptracker.pc.db.UsageEventRepositoryTest" time="0.004"/>
  <system-out><![CDATA[]]></system-out>
  <system-err><![CDATA[SLF4J: Failed to load class "org.slf4j.impl.StaticLoggerBinder".
SLF4J: Defaulting to no-operation (NOP) logger implementation
SLF4J: See http://www.slf4j.org/codes.html#StaticLoggerBinder for further details.
]]></system-err>
</testsuite>
